2026-02-12T08:58:31.701Z info: Code: 200 | Message: Affichage de tous les jeux
2026-02-12T09:09:20.777Z info: Code: 200 | Message: Ajout d'un article
2026-02-12T09:09:29.125Z info: Code: 200 | Message: Affichage de tous les articles
2026-02-12T09:29:20.476Z info: Code: 200 | Message: Affichage de tous les articles
2026-02-12T09:29:29.687Z info: Code: 200 | Message: Ajout d'un article
2026-02-12T09:29:35.307Z info: Code: 200 | Message: Affichage de tous les articles
2026-02-12T09:44:16.747Z info: Code: 200 | Message: Affichage de tous les articles
2026-02-12T09:44:17.573Z info: Code: 200 | Message: Affichage de tous les articles
2026-02-12T09:44:17.710Z info: Code: 200 | Message: Affichage de tous les articles
2026-02-12T09:44:17.825Z info: Code: 200 | Message: Affichage de tous les articles
2026-02-12T09:44:50.465Z info: Code: 200 | Message: Affichage de tous les articles
2026-02-12T09:45:39.992Z info: Code: 200 | Message: Affichage de tous les articles
2026-02-12T09:48:52.394Z info: Code: 200 | Message: Affichage de tous les articles
2026-02-12T09:48:53.763Z info: Code: 200 | Message: Affichage de tous les articles
2026-02-12T09:48:56.320Z info: Code: 200 | Message: Affichage de tous les articles
2026-02-12T09:48:59.232Z info: Code: 200 | Message: Affichage de tous les articles
2026-02-12T09:49:01.812Z info: Code: 200 | Message: Affichage de tous les articles
2026-02-12T09:50:33.351Z info: Code: 200 | Message: Affichage de tous les articles
2026-02-12T09:50:34.197Z info: Code: 200 | Message: Affichage de tous les articles
2026-02-12T09:52:45.551Z info: Code: 200 | Message: Affichage de tous les articles
2026-02-12T09:54:09.221Z info: Code: 200 | Message: Ajout d'un article
2026-02-12T09:54:13.402Z info: Code: 200 | Message: Affichage de tous les articles
2026-02-12T09:54:18.934Z info: Code: 200 | Message: Affichage de tous les articles
2026-02-12T09:54:20.691Z info: Code: 200 | Message: Affichage de tous les articles
2026-02-12T09:54:21.683Z info: Code: 200 | Message: Affichage de tous les articles
2026-02-12T09:54:44.266Z info: Code: 200 | Message: Ajout d'un article
2026-02-12T09:54:47.123Z info: Code: 200 | Message: Affichage de tous les articles
2026-02-12T10:53:07.753Z info: Code: 200 | Message: Affichage de tous les articles
2026-02-12T10:53:10.669Z info: Code: 200 | Message: Affichage de tous les articles
2026-02-12T10:53:14.933Z info: Code: 200 | Message: Ajout d'un article
2026-02-12T10:53:18.567Z info: Code: 200 | Message: Affichage de tous les articles
2026-02-12T10:53:57.826Z info: Code: 200 | Message: Affichage de tous les articles
2026-02-12T10:53:58.946Z info: Code: 200 | Message: Affichage de tous les articles
2026-02-12T10:54:02.567Z info: Code: 200 | Message: Affichage de tous les articles
2026-02-12T10:54:04.304Z info: Code: 200 | Message: Ajout d'un article
2026-02-12T10:54:07.820Z info: Code: 200 | Message: Affichage de tous les articles
2026-02-12T10:54:41.282Z info: Code: 200 | Message: Affichage de tous les articles
2026-02-12T10:58:56.173Z info: Code: 200 | Message: Affichage de tous les articles
2026-02-12T10:58:57.696Z info: Code: 200 | Message: Affichage de tous les articles
2026-02-12T10:59:02.008Z info: Code: 200 | Message: Ajout d'un article
2026-02-12T10:59:04.111Z info: Code: 200 | Message: Affichage de tous les articles
2026-02-12T10:59:09.104Z info: Code: 200 | Message: Affichage de tous les articles
2026-02-12T10:59:10.540Z info: Code: 200 | Message: Affichage de tous les articles
2026-02-12T10:59:12.259Z info: Code: 200 | Message: Affichage de tous les articles
2026-02-12T10:59:13.674Z info: Code: 200 | Message: Affichage de tous les articles
2026-02-12T10:59:16.928Z info: Code: 200 | Message: Affichage de tous les articles
2026-02-12T10:59:18.144Z info: Code: 200 | Message: Affichage de tous les articles
2026-02-12T11:33:08.962Z info: Code: 200 | Message: Affichage de tous les articles
2026-02-12T11:39:09.112Z info: Code: 200 | Message: Affichage de tous les articles
2026-02-12T11:39:11.822Z info: Code: 200 | Message: Affichage de tous les articles
2026-02-12T11:39:12.511Z info: Code: 200 | Message: Affichage de tous les articles
2026-02-12T11:44:26.848Z info: Code: 200 | Message: Affichage de tous les articles
2026-02-12T11:44:28.691Z info: Code: 200 | Message: Affichage de tous les articles
2026-02-12T11:44:32.849Z info: Code: 200 | Message: Ajout d'un article
2026-02-12T11:44:35.086Z info: Code: 200 | Message: Affichage de tous les articles
2026-02-12T11:48:02.080Z info: Code: 200 | Message: Ajout d'un article
2026-02-12T11:48:04.701Z info: Code: 200 | Message: Affichage de tous les articles
2026-02-12T11:48:39.915Z info: Code: 200 | Message: Ajout d'un article
2026-02-12T11:49:50.355Z info: Code: 200 | Message: Affichage de tous les articles
2026-02-12T11:49:54.478Z info: Code: 200 | Message: Ajout d'un article
2026-02-12T11:49:59.636Z info: Code: 200 | Message: Affichage de tous les articles
2026-02-12T11:57:27.675Z info: Code: 200 | Message: Affichage de tous les articles
2026-02-12T11:57:29.791Z info: Code: 200 | Message: Affichage de tous les articles
2026-02-12T11:57:30.607Z info: Code: 200 | Message: Affichage de tous les articles
2026-02-12T11:57:32.151Z info: Code: 200 | Message: Affichage de tous les articles
2026-02-12T11:57:35.800Z info: Code: 200 | Message: Affichage de tous les articles
2026-02-12T11:57:36.846Z info: Code: 200 | Message: Affichage de tous les articles
2026-02-12T11:57:38.128Z info: Code: 200 | Message: Affichage de tous les articles
2026-02-12T11:57:59.414Z info: Code: 200 | Message: Affichage de tous les articles
2026-02-12T11:59:19.729Z info: Code: 200 | Message: Affichage de tous les articles
2026-02-12T11:59:22.457Z info: Code: 200 | Message: Affichage de tous les articles
2026-02-12T11:59:25.369Z info: Code: 200 | Message: Affichage de tous les articles
2026-02-12T11:59:46.966Z info: Code: 200 | Message: Affichage de tous les articles
2026-02-12T11:59:48.265Z info: Code: 200 | Message: Affichage de tous les articles
2026-02-12T12:02:38.028Z info: Code: 200 | Message: Affichage de tous les articles
2026-02-12T12:02:40.982Z info: Code: 200 | Message: Affichage de tous les articles
2026-02-12T12:02:41.541Z info: Code: 200 | Message: Affichage de tous les articles
2026-02-12T12:03:23.629Z info: Code: 200 | Message: Affichage de tous les articles
2026-02-12T12:03:24.716Z info: Code: 200 | Message: Affichage de tous les articles
2026-02-12T12:03:26.783Z info: Code: 200 | Message: Affichage de tous les articles
2026-02-12T12:04:09.756Z info: Code: 200 | Message: Affichage de tous les articles
2026-02-12T12:04:31.677Z info: Code: 200 | Message: Affichage de tous les articles
2026-02-12T12:04:42.770Z info: Code: 200 | Message: Affichage de tous les articles
2026-02-12T12:04:44.917Z info: Code: 200 | Message: Affichage de tous les articles
2026-02-12T12:05:27.555Z info: Code: 200 | Message: Affichage de tous les articles
2026-02-12T12:05:28.231Z info: Code: 200 | Message: Affichage de tous les articles
2026-02-12T12:05:29.078Z info: Code: 200 | Message: Affichage de tous les articles
2026-02-12T12:05:43.918Z info: Code: 200 | Message: Affichage de tous les articles
2026-02-12T12:05:44.617Z info: Code: 200 | Message: Affichage de tous les articles
2026-02-12T12:06:04.684Z info: Code: 200 | Message: Affichage de tous les articles
2026-02-12T12:06:07.193Z info: Code: 200 | Message: Affichage de tous les articles
2026-02-12T12:06:43.599Z info: Code: 200 | Message: Affichage de tous les articles
2026-02-12T12:06:44.216Z info: Code: 200 | Message: Affichage de tous les articles
2026-02-12T12:06:45.542Z info: Code: 200 | Message: Affichage de tous les articles
2026-02-12T12:06:47.781Z info: Code: 200 | Message: Affichage de tous les articles
2026-02-12T12:06:49.494Z info: Code: 200 | Message: Affichage de tous les articles
2026-02-12T12:07:31.692Z info: Code: 200 | Message: Affichage de tous les articles
2026-02-12T12:08:13.853Z info: Code: 200 | Message: Affichage de tous les articles
2026-02-12T12:08:16.841Z info: Code: 200 | Message: Affichage de tous les articles
2026-02-12T12:09:07.205Z info: Code: 200 | Message: Affichage de tous les articles
2026-02-12T12:09:24.353Z info: Code: 200 | Message: Ajout d'un article
2026-02-12T12:09:26.315Z info: Code: 200 | Message: Affichage de tous les articles
2026-02-12T12:09:27.250Z info: Code: 200 | Message: Affichage de tous les articles
2026-02-12T12:09:33.407Z info: Code: 200 | Message: Affichage de tous les articles
2026-02-12T12:09:36.158Z info: Code: 200 | Message: Affichage de tous les articles
2026-02-12T12:09:43.686Z info: Code: 200 | Message: Affichage de tous les articles
2026-02-12T12:11:17.214Z info: Code: 200 | Message: Modification de l'article
2026-02-12T12:11:17.222Z info: Code: 200 | Message: Ajout d'un article
2026-02-12T12:11:19.838Z info: Code: 200 | Message: Affichage de tous les articles
2026-02-12T12:11:45.521Z info: Code: 200 | Message: Modification de l'article
2026-02-12T12:11:45.527Z info: Code: 200 | Message: Ajout d'un article
2026-02-12T12:11:48.485Z info: Code: 200 | Message: Affichage de tous les articles
2026-02-12T12:11:51.500Z info: Code: 200 | Message: Affichage de tous les articles
2026-02-12T12:11:52.244Z info: Code: 200 | Message: Affichage de tous les articles
2026-02-12T12:12:43.299Z info: Code: 200 | Message: Affichage de tous les articles
2026-02-12T12:12:44.368Z info: Code: 200 | Message: Affichage de tous les articles
2026-02-12T12:13:08.010Z info: Code: 200 | Message: Modification de l'article
2026-02-12T12:13:36.803Z info: Code: 200 | Message: Modification de l'article
2026-02-12T12:13:38.316Z info: Code: 200 | Message: Affichage de tous les articles
2026-02-12T12:13:42.665Z info: Code: 200 | Message: Affichage de tous les articles
2026-02-12T12:13:43.303Z info: Code: 200 | Message: Affichage de tous les articles
2026-02-12T12:14:04.542Z info: Code: 200 | Message: Affichage de tous les articles
2026-02-12T12:14:06.490Z info: Code: 200 | Message: Affichage de tous les articles
2026-02-12T12:14:13.432Z info: Code: 200 | Message: Modification de l'article
2026-02-12T12:14:17.105Z info: Code: 200 | Message: Affichage de tous les articles
2026-02-12T12:14:21.162Z info: Code: 200 | Message: Affichage de tous les articles
2026-02-12T12:14:21.754Z info: Code: 200 | Message: Affichage de tous les articles
2026-02-12T12:20:26.388Z info: Code: 200 | Message: Affichage de tous les articles
2026-02-12T12:21:26.909Z info: Code: 200 | Message: Affichage de tous les articles
2026-02-12T12:21:28.181Z info: Code: 200 | Message: Affichage de tous les articles
2026-02-12T12:21:34.890Z info: Code: 200 | Message: Modification de l'article
2026-02-12T12:21:37.809Z info: Code: 200 | Message: Affichage de tous les articles
2026-02-12T12:21:38.469Z info: Code: 200 | Message: Affichage de tous les articles
2026-02-12T12:21:42.075Z info: Code: 200 | Message: Affichage de tous les articles
2026-02-12T12:21:44.743Z info: Code: 200 | Message: Affichage de tous les articles
2026-02-12T12:27:47.381Z info: Code: 200 | Message: Affichage de tous les articles
2026-02-12T12:27:51.528Z info: Code: 200 | Message: Ajout d'un article
2026-02-12T12:27:55.109Z info: Code: 200 | Message: Affichage de tous les articles
2026-02-12T12:27:56.177Z info: Code: 200 | Message: Affichage de tous les articles
2026-02-12T12:27:57.862Z info: Code: 200 | Message: Affichage de tous les articles
2026-02-12T12:27:59.929Z info: Code: 200 | Message: Affichage de tous les articles
2026-02-12T12:29:19.163Z info: Code: 200 | Message: Affichage de tous les articles
2026-02-12T12:29:22.232Z info: Code: 200 | Message: Affichage de tous les articles
2026-02-12T12:29:23.318Z info: Code: 200 | Message: Affichage de tous les articles
2026-02-12T12:30:07.070Z info: Code: 200 | Message: Affichage de tous les articles
2026-02-12T12:30:08.607Z info: Code: 200 | Message: Affichage de tous les articles
2026-02-12T12:30:10.069Z info: Code: 200 | Message: Affichage de tous les articles
2026-02-12T12:30:10.813Z info: Code: 200 | Message: Affichage de tous les articles
2026-02-12T12:30:11.833Z info: Code: 200 | Message: Article supprimé
2026-02-12T12:30:13.934Z info: Code: 200 | Message: Affichage de tous les articles
2026-02-12T12:31:02.245Z info: Code: 200 | Message: Affichage de tous les articles
2026-02-12T12:58:35.231Z info: Code: 200 | Message: Affichage de tous les articles
2026-02-12T12:58:37.189Z info: Code: 200 | Message: Affichage de tous les articles
2026-02-12T12:59:38.518Z info: Code: 200 | Message: Ajout d'un article
2026-02-12T12:59:40.188Z info: Code: 200 | Message: Affichage de tous les articles
2026-02-12T12:59:44.913Z info: Code: 200 | Message: Affichage de tous les articles
2026-02-12T12:59:58.690Z info: Code: 200 | Message: Affichage de tous les articles
2026-02-12T13:00:10.604Z info: Code: 200 | Message: Modification de l'article
2026-02-12T13:00:12.435Z info: Code: 200 | Message: Affichage de tous les articles
2026-02-12T13:00:13.982Z info: Code: 200 | Message: Affichage de tous les articles
2026-02-12T13:03:58.092Z info: Code: 200 | Message: Affichage de tous les articles
2026-02-12T13:04:01.376Z info: Code: 200 | Message: Affichage de tous les articles
2026-02-12T13:04:03.894Z info: Code: 200 | Message: Affichage de tous les articles
2026-02-12T13:04:05.077Z info: Code: 200 | Message: Affichage de tous les articles
2026-02-12T13:04:08.420Z info: Code: 200 | Message: Modification de l'article
2026-02-12T13:04:21.849Z info: Code: 200 | Message: Affichage de tous les articles
2026-02-12T13:04:23.398Z info: Code: 200 | Message: Affichage de tous les articles
2026-02-12T13:04:29.750Z info: Code: 200 | Message: Affichage de tous les articles
2026-02-12T13:04:33.990Z info: Code: 200 | Message: Affichage de tous les articles
2026-02-12T13:04:46.549Z info: Code: 200 | Message: Ajout d'un article
2026-02-12T13:04:49.372Z info: Code: 200 | Message: Affichage de tous les articles
2026-02-12T13:04:50.383Z info: Code: 200 | Message: Affichage de tous les articles
2026-02-12T13:04:52.623Z info: Code: 200 | Message: Affichage de tous les articles
2026-02-12T13:04:54.090Z info: Code: 200 | Message: Affichage de tous les articles
2026-02-12T13:04:55.503Z info: Code: 200 | Message: Affichage de tous les articles
2026-02-12T13:05:01.708Z info: Code: 200 | Message: Modification de l'article
2026-02-12T13:05:12.792Z info: Code: 200 | Message: Affichage de tous les articles
2026-02-12T13:05:15.825Z info: Code: 200 | Message: Affichage de tous les articles
2026-02-12T13:05:16.487Z info: Code: 200 | Message: Affichage de tous les articles
2026-02-12T13:05:36.816Z info: Code: 200 | Message: Affichage de tous les articles
2026-02-12T13:05:39.897Z info: Code: 200 | Message: Affichage de tous les articles
2026-02-12T13:05:42.100Z info: Code: 200 | Message: Affichage de tous les articles
2026-02-12T13:05:44.378Z info: Code: 200 | Message: Modification de l'article
2026-02-12T13:05:45.872Z info: Code: 200 | Message: Affichage de tous les articles
2026-02-12T13:05:46.641Z info: Code: 200 | Message: Affichage de tous les articles
2026-02-12T13:05:48.554Z info: Code: 200 | Message: Affichage de tous les articles
2026-02-12T13:07:52.741Z info: Code: 200 | Message: Affichage de tous les articles
2026-02-12T13:07:54.302Z info: Code: 200 | Message: Affichage de tous les articles
2026-02-12T13:07:56.557Z info: Code: 200 | Message: Modification de l'article
2026-02-12T13:07:58.449Z info: Code: 200 | Message: Affichage de tous les articles
2026-02-12T13:07:59.970Z info: Code: 200 | Message: Affichage de tous les articles
2026-02-12T13:08:08.884Z info: Code: 200 | Message: Affichage de tous les articles
2026-02-12T13:08:11.638Z info: Code: 200 | Message: Affichage de tous les articles
2026-02-12T13:08:12.544Z info: Code: 200 | Message: Affichage de tous les articles
2026-02-12T13:08:37.129Z info: Code: 200 | Message: Affichage de tous les articles
2026-02-12T13:08:39.515Z info: Code: 200 | Message: Modification de l'article
2026-02-12T13:08:41.677Z info: Code: 200 | Message: Affichage de tous les articles
2026-02-12T13:08:43.652Z info: Code: 200 | Message: Affichage de tous les articles
2026-02-12T13:08:58.321Z info: Code: 200 | Message: Affichage de tous les articles
2026-02-12T13:09:01.539Z info: Code: 200 | Message: Modification de l'article
2026-02-12T13:09:05.291Z info: Code: 200 | Message: Affichage de tous les articles
2026-02-12T13:10:14.323Z info: Code: 200 | Message: Affichage de tous les articles
2026-02-12T13:10:16.165Z info: Code: 200 | Message: Affichage de tous les articles
2026-02-12T13:10:18.450Z info: Code: 200 | Message: Modification de l'article
2026-02-12T13:10:20.639Z info: Code: 200 | Message: Affichage de tous les articles
2026-02-12T13:10:21.890Z info: Code: 200 | Message: Affichage de tous les articles
2026-02-12T13:10:25.411Z info: Code: 200 | Message: Affichage de tous les articles
2026-02-12T13:10:29.631Z info: Code: 200 | Message: Modification de l'article
2026-02-12T13:10:31.483Z info: Code: 200 | Message: Affichage de tous les articles
2026-02-12T13:10:35.543Z info: Code: 200 | Message: Affichage de tous les articles
2026-02-12T13:10:37.463Z info: Code: 200 | Message: Affichage de tous les articles
2026-02-12T13:10:38.614Z info: Code: 200 | Message: Article supprimé
2026-02-12T13:10:41.708Z info: Code: 200 | Message: Affichage de tous les articles
2026-02-12T13:10:59.458Z info: Code: 200 | Message: Affichage de tous les articles
2026-02-12T13:11:05.189Z info: Code: 200 | Message: Ajout d'un article
2026-02-12T13:11:08.051Z info: Code: 200 | Message: Affichage de tous les articles
2026-02-12T13:11:08.774Z info: Code: 200 | Message: Affichage de tous les articles
2026-02-12T13:11:10.692Z info: Code: 200 | Message: Affichage de tous les articles
2026-02-12T13:11:15.562Z info: Code: 200 | Message: Modification de l'article
2026-02-12T13:11:17.535Z info: Code: 200 | Message: Affichage de tous les articles
2026-02-12T13:11:18.941Z info: Code: 200 | Message: Affichage de tous les articles
2026-02-12T13:11:20.773Z info: Code: 200 | Message: Affichage de tous les articles
2026-02-12T13:11:23.109Z info: Code: 200 | Message: Article supprimé
2026-02-12T13:11:25.171Z info: Code: 200 | Message: Affichage de tous les articles
2026-02-12T13:11:27.541Z info: Code: 200 | Message: Affichage de tous les articles
2026-02-12T13:11:28.686Z info: Code: 200 | Message: Affichage de tous les articles
2026-02-12T13:13:36.711Z info: Code: 200 | Message: Affichage de tous les articles
2026-02-12T13:13:39.545Z info: Code: 200 | Message: Ajout d'un article
2026-02-12T13:13:41.032Z info: Code: 200 | Message: Affichage de tous les articles
2026-02-12T13:13:41.836Z info: Code: 200 | Message: Affichage de tous les articles
2026-02-12T13:13:43.462Z info: Code: 200 | Message: Affichage de tous les articles
2026-02-12T13:13:44.848Z info: Code: 200 | Message: Article supprimé
2026-02-12T13:13:46.808Z info: Code: 200 | Message: Affichage de tous les articles
